android/app/build/intermediates/manifest_merge_blame_file/release/manifest-merger-blame-release-report.txt
1<?xml version="1.0" encoding="utf-8"?>
2<manifest xmlns:android="http://schemas.android.com/apk/res/android"
3    package="com.fudex.atah"
4    android:versionCode="1"
5    android:versionName="1.0.1" >
6
7    <uses-sdk
8        android:minSdkVersion="21"
8-->src/main/AndroidManifest.xml
9        android:targetSdkVersion="31" />
9-->src/main/AndroidManifest.xml
10
11    <uses-permission android:name="android.permission.INTERNET" />
11-->src/main/AndroidManifest.xml:3:3-65
11-->src/main/AndroidManifest.xml:3:20-62
12    <uses-permission android:name="android.permission.SYSTEM_ALERT_WINDOW" />
12-->src/main/AndroidManifest.xml:4:3-75
12-->src/main/AndroidManifest.xml:4:20-73
13    <uses-permission android:name="android.permission.ACCESS_FINE_LOCATION" />
13-->src/main/AndroidManifest.xml:5:3-76
13-->src/main/AndroidManifest.xml:5:20-74
14    <uses-permission android:name="android.permission.ACCESS_COARSE_LOCATION" />
14-->src/main/AndroidManifest.xml:6:3-79
14-->src/main/AndroidManifest.xml:6:20-76
15    <uses-permission android:name="android.permission.ACCESS_NETWORK_STATE" />
15-->src/main/AndroidManifest.xml:7:3-76
15-->src/main/AndroidManifest.xml:7:20-74
16    <uses-permission android:name="android.permission.MODIFY_AUDIO_SETTINGS" />
16-->src/main/AndroidManifest.xml:8:3-78
16-->src/main/AndroidManifest.xml:8:20-75
17    <uses-permission android:name="android.permission.WAKE_LOCK" />
17-->src/main/AndroidManifest.xml:9:3-66
17-->src/main/AndroidManifest.xml:9:20-63
18    <uses-permission android:name="android.permission.WRITE_EXTERNAL_STORAGE" />
18-->src/main/AndroidManifest.xml:10:3-78
18-->src/main/AndroidManifest.xml:10:20-76
19    <uses-permission android:name="android.permission.RECEIVE_BOOT_COMPLETED" />
19-->src/main/AndroidManifest.xml:11:3-79
19-->src/main/AndroidManifest.xml:11:20-76
20    <uses-permission android:name="android.permission.VIBRATE" />
20-->src/main/AndroidManifest.xml:12:3-64
20-->src/main/AndroidManifest.xml:12:20-61
21
22    <queries>
22-->src/main/AndroidManifest.xml:98:3-107:13
23        <intent>
23-->src/main/AndroidManifest.xml:99:5-102:14
24            <action android:name="android.intent.action.VIEW" />
24-->src/main/AndroidManifest.xml:100:7-59
24-->src/main/AndroidManifest.xml:100:15-56
25
26            <data android:scheme="http" />
26-->src/main/AndroidManifest.xml:101:7-37
26-->src/main/AndroidManifest.xml:101:13-34
27        </intent>
28        <intent>
28-->src/main/AndroidManifest.xml:103:5-106:14
29            <action android:name="android.intent.action.VIEW" />
29-->src/main/AndroidManifest.xml:100:7-59
29-->src/main/AndroidManifest.xml:100:15-56
30
31            <data android:scheme="https" />
31-->src/main/AndroidManifest.xml:101:7-37
31-->src/main/AndroidManifest.xml:101:13-34
32        </intent>
33        <intent>
33-->[:react-native-inappbrowser-reborn] AndroidManifest.xml:12:9-14:18
34            <action android:name="android.support.customtabs.action.CustomTabsService" />
34-->[:react-native-inappbrowser-reborn] AndroidManifest.xml:13:13-90
34-->[:react-native-inappbrowser-reborn] AndroidManifest.xml:13:21-87
35        </intent> <!-- Needs to be explicitly declared on Android R+ -->
36        <package android:name="com.google.android.apps.maps" />
36-->[com.google.android.gms:play-services-maps:18.0.2] AndroidManifest.xml:33:9-64
36-->[com.google.android.gms:play-services-maps:18.0.2] AndroidManifest.xml:33:18-61
37    </queries>
38
39    <uses-permission android:name="android.permission.ACCESS_WIFI_STATE" /> <!-- Required to access Google Play Licensing -->
39-->[:react-native-community_netinfo] AndroidManifest.xml:10:5-76
39-->[:react-native-community_netinfo] AndroidManifest.xml:10:22-73
40    <uses-permission android:name="com.android.vending.CHECK_LICENSE" />
40-->[:rn-fetch-blob] AndroidManifest.xml:10:5-73
40-->[:rn-fetch-blob] AndroidManifest.xml:10:22-70
41    <uses-permission android:name="android.permission.POST_NOTIFICATIONS" /> <!-- Required by older versions of Google Play services to create IID tokens -->
41-->[com.google.firebase:firebase-messaging:23.0.8] AndroidManifest.xml:26:5-77
41-->[com.google.firebase:firebase-messaging:23.0.8] AndroidManifest.xml:26:22-74
42    <uses-permission android:name="com.google.android.c2dm.permission.RECEIVE" />
42-->[com.google.firebase:firebase-messaging:23.0.8] AndroidManifest.xml:29:5-82
42-->[com.google.firebase:firebase-messaging:23.0.8] AndroidManifest.xml:29:22-79
43
44    <uses-feature
44-->[com.google.android.gms:play-services-maps:18.0.2] AndroidManifest.xml:26:5-28:35
45        android:glEsVersion="0x00020000"
45-->[com.google.android.gms:play-services-maps:18.0.2] AndroidManifest.xml:27:9-41
46        android:required="true" />
46-->[com.google.android.gms:play-services-maps:18.0.2] AndroidManifest.xml:28:9-32
47
48    <uses-permission android:name="com.google.android.gms.permission.AD_ID" />
48-->[com.google.android.gms:play-services-measurement-api:21.1.1] AndroidManifest.xml:25:5-79
48-->[com.google.android.gms:play-services-measurement-api:21.1.1] AndroidManifest.xml:25:22-76
49    <uses-permission android:name="com.google.android.finsky.permission.BIND_GET_INSTALL_REFERRER_SERVICE" />
49-->[com.google.android.gms:play-services-measurement:21.1.1] AndroidManifest.xml:26:5-110
49-->[com.google.android.gms:play-services-measurement:21.1.1] AndroidManifest.xml:26:22-107
50    <uses-permission android:name="android.permission.FOREGROUND_SERVICE" /> <!-- for android -->
50-->[androidx.work:work-runtime:2.7.1] AndroidManifest.xml:28:5-77
50-->[androidx.work:work-runtime:2.7.1] AndroidManifest.xml:28:22-74
51    <!-- <uses-permission android:name="com.android.launcher.permission.READ_SETTINGS"/> -->
52    <!-- <uses-permission android:name="com.android.launcher.permission.WRITE_SETTINGS"/> -->
53    <!-- <uses-permission android:name="com.android.launcher.permission.INSTALL_SHORTCUT" /> -->
54    <!-- <uses-permission android:name="com.android.launcher.permission.UNINSTALL_SHORTCUT" /> -->
55    <!-- for Samsung -->
56    <uses-permission android:name="com.sec.android.provider.badge.permission.READ" />
56-->[me.leolin:ShortcutBadger:1.1.22] AndroidManifest.xml:19:5-86
56-->[me.leolin:ShortcutBadger:1.1.22] AndroidManifest.xml:19:22-83
57    <uses-permission android:name="com.sec.android.provider.badge.permission.WRITE" /> <!-- for htc -->
57-->[me.leolin:ShortcutBadger:1.1.22] AndroidManifest.xml:20:5-87
57-->[me.leolin:ShortcutBadger:1.1.22] AndroidManifest.xml:20:22-84
58    <uses-permission android:name="com.htc.launcher.permission.READ_SETTINGS" />
58-->[me.leolin:ShortcutBadger:1.1.22] AndroidManifest.xml:23:5-81
58-->[me.leolin:ShortcutBadger:1.1.22] AndroidManifest.xml:23:22-78
59    <uses-permission android:name="com.htc.launcher.permission.UPDATE_SHORTCUT" /> <!-- for sony -->
59-->[me.leolin:ShortcutBadger:1.1.22] AndroidManifest.xml:24:5-83
59-->[me.leolin:ShortcutBadger:1.1.22] AndroidManifest.xml:24:22-80
60    <uses-permission android:name="com.sonyericsson.home.permission.BROADCAST_BADGE" />
60-->[me.leolin:ShortcutBadger:1.1.22] AndroidManifest.xml:27:5-88
60-->[me.leolin:ShortcutBadger:1.1.22] AndroidManifest.xml:27:22-85
61    <uses-permission android:name="com.sonymobile.home.permission.PROVIDER_INSERT_BADGE" /> <!-- for apex -->
61-->[me.leolin:ShortcutBadger:1.1.22] AndroidManifest.xml:28:5-92
61-->[me.leolin:ShortcutBadger:1.1.22] AndroidManifest.xml:28:22-89
62    <uses-permission android:name="com.anddoes.launcher.permission.UPDATE_COUNT" /> <!-- for solid -->
62-->[me.leolin:ShortcutBadger:1.1.22] AndroidManifest.xml:31:5-84
62-->[me.leolin:ShortcutBadger:1.1.22] AndroidManifest.xml:31:22-81
63    <uses-permission android:name="com.majeur.launcher.permission.UPDATE_BADGE" /> <!-- for huawei -->
63-->[me.leolin:ShortcutBadger:1.1.22] AndroidManifest.xml:34:5-83
63-->[me.leolin:ShortcutBadger:1.1.22] AndroidManifest.xml:34:22-80
64    <uses-permission android:name="com.huawei.android.launcher.permission.CHANGE_BADGE" />
64-->[me.leolin:ShortcutBadger:1.1.22] AndroidManifest.xml:37:5-91
64-->[me.leolin:ShortcutBadger:1.1.22] AndroidManifest.xml:37:22-88
65    <uses-permission android:name="com.huawei.android.launcher.permission.READ_SETTINGS" />
65-->[me.leolin:ShortcutBadger:1.1.22] AndroidManifest.xml:38:5-92
65-->[me.leolin:ShortcutBadger:1.1.22] AndroidManifest.xml:38:22-89
66    <uses-permission android:name="com.huawei.android.launcher.permission.WRITE_SETTINGS" /> <!-- for ZUK -->
66-->[me.leolin:ShortcutBadger:1.1.22] AndroidManifest.xml:39:5-93
66-->[me.leolin:ShortcutBadger:1.1.22] AndroidManifest.xml:39:22-90
67    <uses-permission android:name="android.permission.READ_APP_BADGE" /> <!-- for OPPO -->
67-->[me.leolin:ShortcutBadger:1.1.22] AndroidManifest.xml:42:5-73
67-->[me.leolin:ShortcutBadger:1.1.22] AndroidManifest.xml:42:22-70
68    <uses-permission android:name="com.oppo.launcher.permission.READ_SETTINGS" />
68-->[me.leolin:ShortcutBadger:1.1.22] AndroidManifest.xml:45:5-82
68-->[me.leolin:ShortcutBadger:1.1.22] AndroidManifest.xml:45:22-79
69    <uses-permission android:name="com.oppo.launcher.permission.WRITE_SETTINGS" /> <!-- for EvMe -->
69-->[me.leolin:ShortcutBadger:1.1.22] AndroidManifest.xml:46:5-83
69-->[me.leolin:ShortcutBadger:1.1.22] AndroidManifest.xml:46:22-80
70    <uses-permission android:name="me.everything.badger.permission.BADGE_COUNT_READ" />
70-->[me.leolin:ShortcutBadger:1.1.22] AndroidManifest.xml:49:5-88
70-->[me.leolin:ShortcutBadger:1.1.22] AndroidManifest.xml:49:22-85
71    <uses-permission android:name="me.everything.badger.permission.BADGE_COUNT_WRITE" />
71-->[me.leolin:ShortcutBadger:1.1.22] AndroidManifest.xml:50:5-89
71-->[me.leolin:ShortcutBadger:1.1.22] AndroidManifest.xml:50:22-86
72
73    <application
73-->src/main/AndroidManifest.xml:13:3-97:17
74        android:name="com.fudex.atah.MainApplication"
74-->src/main/AndroidManifest.xml:14:7-38
75        android:allowBackup="false"
75-->src/main/AndroidManifest.xml:18:7-34
76        android:appComponentFactory="androidx.core.app.CoreComponentFactory"
76-->[androidx.core:core:1.6.0] AndroidManifest.xml:24:18-86
77        android:icon="@mipmap/ic_launcher"
77-->src/main/AndroidManifest.xml:16:7-41
78        android:label="@string/app_name"
78-->src/main/AndroidManifest.xml:15:7-39
79        android:roundIcon="@mipmap/ic_launcher_round"
79-->src/main/AndroidManifest.xml:17:7-52
80        android:theme="@style/AppTheme"
80-->src/main/AndroidManifest.xml:20:7-38
81        android:usesCleartextTraffic="true" >
81-->src/main/AndroidManifest.xml:19:7-42
82
83        <!-- // notifi -->
84        <meta-data
84-->src/main/AndroidManifest.xml:22:5-23:33
85            android:name="com.dieam.reactnativepushnotification.notification_foreground"
85-->src/main/AndroidManifest.xml:22:16-92
86            android:value="true" />
86-->src/main/AndroidManifest.xml:23:11-31
87        <!-- Change the value to false if you don't want the creation of the default channel -->
88        <!--
89         <meta-data android:name="com.dieam.reactnativepushnotification.channel_create_default" 
90          android:value="true"/>
91        -->
92        <!-- Change the resource name to your App's accent color - or any other color you want -->
93        <meta-data
93-->src/main/AndroidManifest.xml:28:5-29:44
94            android:name="com.dieam.reactnativepushnotification.notification_color"
94-->src/main/AndroidManifest.xml:28:16-87
95            android:resource="@color/white" />
95-->src/main/AndroidManifest.xml:29:11-42
96        <!-- or @android:color/{name} to use a standard color -->
97        <!--
98         <meta-data android:name="com.dieam.reactnativepushnotification.notification_channel_name" 
99          android:value="YOUR NOTIFICATION CHANNEL NAME"/>
100        <meta-data android:name="com.dieam.reactnativepushnotification.notification_channel_description" 
101          android:value="YOUR NOTIFICATION CHANNEL DESCRIPTION"/>
102        -->
103        <receiver android:name="com.dieam.reactnativepushnotification.modules.RNPushNotificationActions" />
103-->src/main/AndroidManifest.xml:35:5-104
103-->src/main/AndroidManifest.xml:35:15-101
104        <receiver android:name="com.dieam.reactnativepushnotification.modules.RNPushNotificationPublisher" />
104-->src/main/AndroidManifest.xml:36:5-106
104-->src/main/AndroidManifest.xml:36:15-103
105        <receiver
105-->src/main/AndroidManifest.xml:37:5-43:16
106            android:name="com.dieam.reactnativepushnotification.modules.RNPushNotificationBootEventReceiver"
106-->src/main/AndroidManifest.xml:37:15-111
107            android:exported="false" >
107-->src/main/AndroidManifest.xml:37:112-136
108            <intent-filter>
108-->src/main/AndroidManifest.xml:38:7-42:23
109                <action android:name="android.intent.action.BOOT_COMPLETED" />
109-->src/main/AndroidManifest.xml:39:9-71
109-->src/main/AndroidManifest.xml:39:17-68
110                <action android:name="android.intent.action.QUICKBOOT_POWERON" />
110-->src/main/AndroidManifest.xml:40:9-74
110-->src/main/AndroidManifest.xml:40:17-71
111                <action android:name="com.htc.intent.action.QUICKBOOT_POWERON" />
111-->src/main/AndroidManifest.xml:41:9-73
111-->src/main/AndroidManifest.xml:41:17-71
112            </intent-filter>
113        </receiver>
114
115        <service
115-->src/main/AndroidManifest.xml:44:5-50:15
116            android:name="com.dieam.reactnativepushnotification.modules.RNPushNotificationListenerService"
116-->src/main/AndroidManifest.xml:45:13-107
117            android:exported="false" >
117-->src/main/AndroidManifest.xml:46:13-37
118            <intent-filter>
118-->src/main/AndroidManifest.xml:47:7-49:23
119                <action android:name="com.google.firebase.MESSAGING_EVENT" />
119-->src/main/AndroidManifest.xml:48:9-70
119-->src/main/AndroidManifest.xml:48:17-67
120            </intent-filter>
121        </service>
122
123        <meta-data
123-->src/main/AndroidManifest.xml:51:5-53:98
124            android:name="com.google.firebase.messaging.default_notification_channel_id"
124-->src/main/AndroidManifest.xml:52:11-87
125            android:value="@string/default_notification_channel_id" />
125-->src/main/AndroidManifest.xml:53:11-66
126        <!-- end notifi -->
127        <meta-data
127-->src/main/AndroidManifest.xml:55:5-57:67
128            android:name="com.google.android.geo.API_KEY"
128-->src/main/AndroidManifest.xml:56:9-54
129            android:value="AIzaSyAwnh5_pDUOfKsT4lzVKEc1e99uoxvo35s" />
129-->src/main/AndroidManifest.xml:57:9-64
130
131        <activity
131-->src/main/AndroidManifest.xml:58:5-71:16
132            android:name="com.fudex.atah.SplashActivity"
132-->src/main/AndroidManifest.xml:59:7-37
133            android:configChanges="keyboard|keyboardHidden|orientation|screenLayout|screenSize|smallestScreenSize|uiMode"
133-->src/main/AndroidManifest.xml:62:7-116
134            android:exported="true"
134-->src/main/AndroidManifest.xml:65:7-30
135            android:label="@string/app_name"
135-->src/main/AndroidManifest.xml:61:7-39
136            android:launchMode="singleTask"
136-->src/main/AndroidManifest.xml:63:7-38
137            android:theme="@style/SplashTheme"
137-->src/main/AndroidManifest.xml:60:7-41
138            android:windowSoftInputMode="adjustResize" >
138-->src/main/AndroidManifest.xml:64:7-49
139            <intent-filter>
139-->src/main/AndroidManifest.xml:67:7-70:23
140                <action android:name="android.intent.action.MAIN" />
140-->src/main/AndroidManifest.xml:68:9-61
140-->src/main/AndroidManifest.xml:68:17-58
141
142                <category android:name="android.intent.category.LAUNCHER" />
142-->src/main/AndroidManifest.xml:69:9-69
142-->src/main/AndroidManifest.xml:69:19-66
143            </intent-filter>
144        </activity>
145        <activity
145-->src/main/AndroidManifest.xml:72:5-79:18
146            android:name="com.fudex.atah.MainActivity"
146-->src/main/AndroidManifest.xml:73:9-37
147            android:configChanges="keyboard|keyboardHidden|orientation|screenLayout|screenSize|smallestScreenSize|uiMode"
147-->src/main/AndroidManifest.xml:75:9-118
148            android:exported="true"
148-->src/main/AndroidManifest.xml:78:9-32
149            android:label="@string/app_name"
149-->src/main/AndroidManifest.xml:74:9-41
150            android:launchMode="singleTask"
150-->src/main/AndroidManifest.xml:76:9-40
151            android:windowSoftInputMode="adjustResize" >
151-->src/main/AndroidManifest.xml:77:9-51
152        </activity>
153        <!--
154		<meta-data android:name="com.dieam.reactnativepushnotification.notification_channel_name" android:value="Atah" />
155		<meta-data android:name="com.dieam.reactnativepushnotification.notification_channel_description" android:value="Atah Client channel for notifications" />
156		<meta-data android:name="com.dieam.reactnativepushnotification.notification_foreground" android:value="true" />
157		
158		<meta-data android:name="com.dieam.reactnativepushnotification.notification_color" android:resource="@android:color/white" />
159		<receiver android:name="com.dieam.reactnativepushnotification.modules.RNPushNotificationPublisher" />
160		<receiver android:name="com.dieam.reactnativepushnotification.modules.RNPushNotificationBootEventReceiver">
161			<intent-filter>
162				<action android:name="android.intent.action.BOOT_COMPLETED" />
163			</intent-filter>
164		</receiver>
165		<service android:name="com.dieam.reactnativepushnotification.modules.RNPushNotificationListenerService" android:exported="false">
166			<intent-filter>
167				<action android:name="com.google.firebase.MESSAGING_EVENT" />
168			</intent-filter>
169		</service>
170        -->
171        <meta-data
171-->[:react-native-firebase_analytics] AndroidManifest.xml:14:9-16:36
172            android:name="firebase_analytics_collection_enabled"
172-->[:react-native-firebase_analytics] AndroidManifest.xml:15:13-65
173            android:value="true" />
173-->[:react-native-firebase_analytics] AndroidManifest.xml:16:13-33
174        <meta-data
174-->[:react-native-firebase_analytics] AndroidManifest.xml:17:9-19:37
175            android:name="firebase_analytics_collection_deactivated"
175-->[:react-native-firebase_analytics] AndroidManifest.xml:18:13-69
176            android:value="false" />
176-->[:react-native-firebase_analytics] AndroidManifest.xml:19:13-34
177        <meta-data
177-->[:react-native-firebase_analytics] AndroidManifest.xml:20:9-22:36
178            android:name="google_analytics_adid_collection_enabled"
178-->[:react-native-firebase_analytics] AndroidManifest.xml:21:13-68
179            android:value="true" />
179-->[:react-native-firebase_analytics] AndroidManifest.xml:22:13-33
180        <meta-data
180-->[:react-native-firebase_analytics] AndroidManifest.xml:23:9-25:36
181            android:name="google_analytics_ssaid_collection_enabled"
181-->[:react-native-firebase_analytics] AndroidManifest.xml:24:13-69
182            android:value="true" />
182-->[:react-native-firebase_analytics] AndroidManifest.xml:25:13-33
183        <meta-data
183-->[:react-native-firebase_analytics] AndroidManifest.xml:26:9-28:36
184            android:name="google_analytics_default_allow_ad_personalization_signals"
184-->[:react-native-firebase_analytics] AndroidManifest.xml:27:13-85
185            android:value="true" />
185-->[:react-native-firebase_analytics] AndroidManifest.xml:28:13-33
186        <meta-data
186-->[:react-native-firebase_analytics] AndroidManifest.xml:29:9-31:36
187            android:name="google_analytics_automatic_screen_reporting_enabled"
187-->[:react-native-firebase_analytics] AndroidManifest.xml:30:13-79
188            android:value="true" />
188-->[:react-native-firebase_analytics] AndroidManifest.xml:31:13-33
189
190        <service
190-->[:react-native-firebase_messaging] AndroidManifest.xml:14:9-16:40
191            android:name="io.invertase.firebase.messaging.ReactNativeFirebaseMessagingHeadlessService"
191-->[:react-native-firebase_messaging] AndroidManifest.xml:15:13-103
192            android:exported="false" />
192-->[:react-native-firebase_messaging] AndroidManifest.xml:16:13-37
193        <service
193-->[:react-native-firebase_messaging] AndroidManifest.xml:17:9-23:19
194            android:name="io.invertase.firebase.messaging.ReactNativeFirebaseMessagingService"
194-->[:react-native-firebase_messaging] AndroidManifest.xml:18:13-95
195            android:exported="false" >
195-->[:react-native-firebase_messaging] AndroidManifest.xml:19:13-37
196            <intent-filter>
196-->src/main/AndroidManifest.xml:47:7-49:23
197                <action android:name="com.google.firebase.MESSAGING_EVENT" />
197-->src/main/AndroidManifest.xml:48:9-70
197-->src/main/AndroidManifest.xml:48:17-67
198            </intent-filter>
199        </service>
200
201        <receiver
201-->[:react-native-firebase_messaging] AndroidManifest.xml:25:9-32:20
202            android:name="io.invertase.firebase.messaging.ReactNativeFirebaseMessagingReceiver"
202-->[:react-native-firebase_messaging] AndroidManifest.xml:26:13-96
203            android:exported="true"
203-->[:react-native-firebase_messaging] AndroidManifest.xml:27:13-36
204            android:permission="com.google.android.c2dm.permission.SEND" >
204-->[:react-native-firebase_messaging] AndroidManifest.xml:28:13-73
205            <intent-filter>
205-->[:react-native-firebase_messaging] AndroidManifest.xml:29:13-31:29
206                <action android:name="com.google.android.c2dm.intent.RECEIVE" />
206-->[:react-native-firebase_messaging] AndroidManifest.xml:30:17-81
206-->[:react-native-firebase_messaging] AndroidManifest.xml:30:25-78
207            </intent-filter>
208        </receiver>
209
210        <meta-data
210-->[:react-native-firebase_messaging] AndroidManifest.xml:34:9-36:36
211            android:name="firebase_messaging_auto_init_enabled"
211-->[:react-native-firebase_messaging] AndroidManifest.xml:35:13-64
212            android:value="true" />
212-->[:react-native-firebase_messaging] AndroidManifest.xml:36:13-33
213        <meta-data
213-->[:react-native-firebase_messaging] AndroidManifest.xml:40:9-42:47
214            android:name="com.google.firebase.messaging.default_notification_color"
214-->[:react-native-firebase_messaging] AndroidManifest.xml:41:13-84
215            android:resource="@color/white" />
215-->[:react-native-firebase_messaging] AndroidManifest.xml:42:13-44
216        <meta-data
216-->[:react-native-firebase_app] AndroidManifest.xml:11:9-13:36
217            android:name="app_data_collection_default_enabled"
217-->[:react-native-firebase_app] AndroidManifest.xml:12:13-63
218            android:value="true" />
218-->[:react-native-firebase_app] AndroidManifest.xml:13:13-33
219
220        <service
220-->[:react-native-firebase_app] AndroidManifest.xml:15:9-23:19
221            android:name="com.google.firebase.components.ComponentDiscoveryService"
221-->[:react-native-firebase_app] AndroidManifest.xml:16:13-84
222            android:directBootAware="true"
222-->[:react-native-firebase_app] AndroidManifest.xml:17:13-43
223            android:exported="false" >
223-->[:react-native-firebase_app] AndroidManifest.xml:18:13-37
224            <meta-data
224-->[:react-native-firebase_app] AndroidManifest.xml:20:13-22:85
225                android:name="com.google.firebase.components:io.invertase.firebase.app.ReactNativeFirebaseAppRegistrar"
225-->[:react-native-firebase_app] AndroidManifest.xml:21:17-120
226                android:value="com.google.firebase.components.ComponentRegistrar" />
226-->[:react-native-firebase_app] AndroidManifest.xml:22:17-82
227            <meta-data
227-->[com.google.firebase:firebase-messaging:23.0.8] AndroidManifest.xml:56:13-58:85
228                android:name="com.google.firebase.components:com.google.firebase.messaging.FirebaseMessagingRegistrar"
228-->[com.google.firebase:firebase-messaging:23.0.8] AndroidManifest.xml:57:17-119
229                android:value="com.google.firebase.components.ComponentRegistrar" />
229-->[com.google.firebase:firebase-messaging:23.0.8] AndroidManifest.xml:58:17-82
230            <meta-data
230-->[com.google.firebase:firebase-dynamic-links:21.0.2] AndroidManifest.xml:27:13-29:85
231                android:name="com.google.firebase.components:com.google.firebase.dynamiclinks.internal.FirebaseDynamicLinkRegistrar"
231-->[com.google.firebase:firebase-dynamic-links:21.0.2] AndroidManifest.xml:28:17-133
232                android:value="com.google.firebase.components.ComponentRegistrar" />
232-->[com.google.firebase:firebase-dynamic-links:21.0.2] AndroidManifest.xml:29:17-82
233            <meta-data
233-->[com.google.firebase:firebase-datatransport:18.1.6] AndroidManifest.xml:28:13-30:85
234                android:name="com.google.firebase.components:com.google.firebase.datatransport.TransportRegistrar"
234-->[com.google.firebase:firebase-datatransport:18.1.6] AndroidManifest.xml:29:17-115
235                android:value="com.google.firebase.components.ComponentRegistrar" />
235-->[com.google.firebase:firebase-datatransport:18.1.6] AndroidManifest.xml:30:17-82
236            <meta-data
236-->[com.google.android.gms:play-services-measurement-api:21.1.1] AndroidManifest.xml:31:13-33:85
237                android:name="com.google.firebase.components:com.google.firebase.analytics.connector.internal.AnalyticsConnectorRegistrar"
237-->[com.google.android.gms:play-services-measurement-api:21.1.1] AndroidManifest.xml:32:17-139
238                android:value="com.google.firebase.components.ComponentRegistrar" />
238-->[com.google.android.gms:play-services-measurement-api:21.1.1] AndroidManifest.xml:33:17-82
239            <meta-data
239-->[com.google.firebase:firebase-installations:17.0.3] AndroidManifest.xml:18:13-20:85
240                android:name="com.google.firebase.components:com.google.firebase.installations.FirebaseInstallationsRegistrar"
240-->[com.google.firebase:firebase-installations:17.0.3] AndroidManifest.xml:19:17-127
241                android:value="com.google.firebase.components.ComponentRegistrar" />
241-->[com.google.firebase:firebase-installations:17.0.3] AndroidManifest.xml:20:17-82
242        </service>
243
244        <provider
244-->[:react-native-firebase_app] AndroidManifest.xml:25:9-29:38
245            android:name="io.invertase.firebase.app.ReactNativeFirebaseAppInitProvider"
245-->[:react-native-firebase_app] AndroidManifest.xml:26:13-88
246            android:authorities="com.fudex.atah.reactnativefirebaseappinitprovider"
246-->[:react-native-firebase_app] AndroidManifest.xml:27:13-86
247            android:exported="false"
247-->[:react-native-firebase_app] AndroidManifest.xml:28:13-37
248            android:initOrder="99" />
248-->[:react-native-firebase_app] AndroidManifest.xml:29:13-35
249        <provider
249-->[:react-native-image-picker] AndroidManifest.xml:10:9-18:20
250            android:name="com.imagepicker.ImagePickerProvider"
250-->[:react-native-image-picker] AndroidManifest.xml:11:13-63
251            android:authorities="com.fudex.atah.imagepickerprovider"
251-->[:react-native-image-picker] AndroidManifest.xml:12:13-71
252            android:exported="false"
252-->[:react-native-image-picker] AndroidManifest.xml:13:13-37
253            android:grantUriPermissions="true" >
253-->[:react-native-image-picker] AndroidManifest.xml:14:13-47
254            <meta-data
254-->[:react-native-image-picker] AndroidManifest.xml:15:13-17:70
255                android:name="android.support.FILE_PROVIDER_PATHS"
255-->[:react-native-image-picker] AndroidManifest.xml:16:17-67
256                android:resource="@xml/imagepicker_provider_paths" />
256-->[:react-native-image-picker] AndroidManifest.xml:17:17-67
257        </provider>
258
259        <activity
259-->[:react-native-inappbrowser-reborn] AndroidManifest.xml:18:9-21:20
260            android:name="com.proyecto26.inappbrowser.ChromeTabsManagerActivity"
260-->[:react-native-inappbrowser-reborn] AndroidManifest.xml:19:13-81
261            android:exported="false" >
261-->[:react-native-inappbrowser-reborn] AndroidManifest.xml:20:13-37
262        </activity>
263        <activity
263-->[:react-native-navigation] AndroidManifest.xml:10:9-12:40
264            android:name="com.facebook.react.devsupport.DevSettingsActivity"
264-->[:react-native-navigation] AndroidManifest.xml:11:13-77
265            android:exported="false" />
265-->[:react-native-navigation] AndroidManifest.xml:12:13-37
266
267        <provider
267-->[:react-native-share] AndroidManifest.xml:10:9-18:20
268            android:name="cl.json.RNShareFileProvider"
268-->[:react-native-share] AndroidManifest.xml:11:13-55
269            android:authorities="com.fudex.atah.rnshare.fileprovider"
269-->[:react-native-share] AndroidManifest.xml:12:13-72
270            android:exported="false"
270-->[:react-native-share] AndroidManifest.xml:13:13-37
271            android:grantUriPermissions="true" >
271-->[:react-native-share] AndroidManifest.xml:14:13-47
272            <meta-data
272-->[:react-native-image-picker] AndroidManifest.xml:15:13-17:70
273                android:name="android.support.FILE_PROVIDER_PATHS"
273-->[:react-native-image-picker] AndroidManifest.xml:16:17-67
274                android:resource="@xml/share_download_paths" />
274-->[:react-native-image-picker] AndroidManifest.xml:17:17-67
275        </provider>
276        <provider
276-->[:react-native-webview] AndroidManifest.xml:10:9-18:20
277            android:name="com.reactnativecommunity.webview.RNCWebViewFileProvider"
277-->[:react-native-webview] AndroidManifest.xml:11:13-83
278            android:authorities="com.fudex.atah.fileprovider"
278-->[:react-native-webview] AndroidManifest.xml:12:13-64
279            android:exported="false"
279-->[:react-native-webview] AndroidManifest.xml:13:13-37